<?xml version="1.0" encoding="UTF-8"?>
<testsuite xmlns:xsi="http://www.w3.org/2001/XMLSchema-instance" xsi:noNamespaceSchemaLocation="https://maven.apache.org/surefire/maven-surefire-plugin/xsd/surefire-test-report.xsd" version="3.0.2" name="am.agrotrade.core.service.impl.NotificationEventServiceImplTest" time="0.133" tests="4" errors="0" skipped="0" failures="0" flakes="0">
  <properties>
[...]
</properties>
  <testcase name="handleUserNotificationSettingsUpdated_sendsSettingsEvent" classname="am.agrotrade.core.service.impl.NotificationEventServiceImplTest" time="0.04"/>
  <testcase name="handleVerificationCodeResent_sendsVerifyEmail" classname="am.agrotrade.core.service.impl.NotificationEventServiceImplTest" time="0.024"/>
  <testcase name="handleOrderCreated_sendsOrderEmail" classname="am.agrotrade.core.service.impl.NotificationEventServiceImplTest" time="0.028"/>
  <testcase name="handleUserRegistered_sendsSettingsVerifyAndWelcome" classname="am.agrotrade.core.service.impl.NotificationEventServiceImplTest" time="0.037"/>
</testsuite>